Chesterfield Fencing & More - 804-518-8332
Stain & Seal RVA - 804-930-8222
Tidewater Office - 757-337-4661
RVA Fabrications - 804-226-7842
Michael  - 804-605-2635
Kim  - 804-647-2517
Bryan - (708) 691-9906
Erik  - 804-712-9065
Chelsey - 804-807-0214
Chris - 804-205-0773
Ethan - (804) 481-2493
Denis - (804)-709-6606
Mike L - 804-292-5557

Melvin - 804-517-8826
Jose - 410-572-7457
Michael Ramos Fence - 804-304-9417
Lopez - 804-799-8889
Luis - Stain Jobs - 804-714-5165
LAV Fence - Luis Villeda- Office Phone (804) 608-1356 Mobile Phone (804) 687-8442
Cassell - Landlord for building - 804-382-1056

